/home/cityurobocon/carbase_ws/install/carbase_package/lib/python3.8/site-packages/carbase_package/carbase_node.py
/home/cityurobocon/carbase_ws/install/carbase_package/lib/python3.8/site-packages/carbase_package/__init__.py
/home/cityurobocon/carbase_ws/install/carbase_package/lib/python3.8/site-packages/carbase_package/modules/__init__.py
/home/cityurobocon/carbase_ws/install/carbase_package/lib/python3.8/site-packages/carbase_package/modules/carbase_controller/carbase_controller.py
/home/cityurobocon/carbase_ws/install/carbase_package/lib/python3.8/site-packages/carbase_package/modules/carbase_controller/__init__.py
/home/cityurobocon/carbase_ws/install/carbase_package/lib/python3.8/site-packages/carbase_package/__pycache__/carbase_node.cpython-38.pyc
/home/cityurobocon/carbase_ws/install/carbase_package/lib/python3.8/site-packages/carbase_package/__pycache__/__init__.cpython-38.pyc
/home/cityurobocon/carbase_ws/install/carbase_package/lib/python3.8/site-packages/carbase_package/modules/__pycache__/__init__.cpython-38.pyc
/home/cityurobocon/carbase_ws/install/carbase_package/lib/python3.8/site-packages/carbase_package/modules/carbase_controller/__pycache__/carbase_controller.cpython-38.pyc
/home/cityurobocon/carbase_ws/install/carbase_package/lib/python3.8/site-packages/carbase_package/modules/carbase_controller/__pycache__/__init__.cpython-38.pyc
/home/cityurobocon/carbase_ws/install/carbase_package/share/ament_index/resource_index/packages/carbase_package
/home/cityurobocon/carbase_ws/install/carbase_package/share/carbase_package/package.xml
/home/cityurobocon/carbase_ws/install/carbase_package/lib/python3.8/site-packages/carbase_package-0.0.0-py3.8.egg-info/dependency_links.txt
/home/cityurobocon/carbase_ws/install/carbase_package/lib/python3.8/site-packages/carbase_package-0.0.0-py3.8.egg-info/entry_points.txt
/home/cityurobocon/carbase_ws/install/carbase_package/lib/python3.8/site-packages/carbase_package-0.0.0-py3.8.egg-info/requires.txt
/home/cityurobocon/carbase_ws/install/carbase_package/lib/python3.8/site-packages/carbase_package-0.0.0-py3.8.egg-info/top_level.txt
/home/cityurobocon/carbase_ws/install/carbase_package/lib/python3.8/site-packages/carbase_package-0.0.0-py3.8.egg-info/SOURCES.txt
/home/cityurobocon/carbase_ws/install/carbase_package/lib/python3.8/site-packages/carbase_package-0.0.0-py3.8.egg-info/PKG-INFO
/home/cityurobocon/carbase_ws/install/carbase_package/lib/python3.8/site-packages/carbase_package-0.0.0-py3.8.egg-info/zip-safe
/home/cityurobocon/carbase_ws/install/carbase_package/lib/carbase_package/carbase_node
